<?xml version="1.0" encoding="UTF-8"?>
<testng-results skipped="0" failed="0" ignored="0" total="1" passed="1">
  <reporter-output>
  </reporter-output>
  <suite name="Suite" duration-ms="6982" started-at="2018-12-29T15:53:23Z" finished-at="2018-12-29T15:53:30Z">
    <groups>
    </groups>
    <test name="Test" duration-ms="6982" started-at="2018-12-29T15:53:23Z" finished-at="2018-12-29T15:53:30Z">
      <class name="com.MavenTestNG.BaseClass">
        <test-method status="PASS" signature="setup()[pri:0, instance:com.MavenTestNG.BaseClass@5f3a4b84]" name="setup" duration-ms="6929" started-at="2018-12-29T15:53:23Z" finished-at="2018-12-29T15:53:30Z">
          <reporter-output>
          </reporter-output>
        </test-method> <!-- setup -->
      </class> <!-- com.MavenTestNG.BaseClass -->
    </test> <!-- Test -->
  </suite> <!-- Suite -->
</testng-results>
